[2022-06-22 11:29:05] local.ERROR: syntax error, unexpected variable "$id", expecting "]" {"exception":"[object] (ParseError(code: 0): syntax error, unexpected variable \"$id\", expecting \"]\" at C:\\laragon\\www\\marketplace\\app\\Http\\Controllers\\Order\\OrderController.php:41)
[stacktrace]
#0 C:\\laragon\\www\\marketplace\\vendor\\composer\\ClassLoader.php(428): Composer\\Autoload\\includeFile('C:\\\\laragon\\\\www\\\\...')
#1 [internal function]: Composer\\Autoload\\ClassLoader->loadClass('App\\\\Http\\\\Contro...')
#2 C:\\laragon\\www\\marketplace\\vendor\\illuminate\\container\\Container.php(875): ReflectionClass->__construct('App\\\\Http\\\\Contro...')
#3 C:\\laragon\\www\\marketplace\\vendor\\illuminate\\container\\Container.php(756): Illuminate\\Container\\Container->build('App\\\\Http\\\\Contro...')
#4 C:\\laragon\\www\\marketplace\\vendor\\illuminate\\container\\Container.php(692): Illuminate\\Container\\Container->resolve('App\\\\Http\\\\Contro...', Array)
#5 C:\\laragon\\www\\marketplace\\vendor\\laravel\\lumen-framework\\src\\Application.php(300): Illuminate\\Container\\Container->make('App\\\\Http\\\\Contro...', Array)
#6 C:\\laragon\\www\\marketplace\\vendor\\laravel\\lumen-framework\\src\\Concerns\\RoutesRequests.php(324): Laravel\\Lumen\\Application->make('App\\\\Http\\\\Contro...')
#7 C:\\laragon\\www\\marketplace\\vendor\\laravel\\lumen-framework\\src\\Concerns\\RoutesRequests.php(282): Laravel\\Lumen\\Application->callControllerAction(Array)
#8 C:\\laragon\\www\\marketplace\\vendor\\laravel\\lumen-framework\\src\\Concerns\\RoutesRequests.php(267): Laravel\\Lumen\\Application->callActionOnArrayBasedRoute(Array)
#9 C:\\laragon\\www\\marketplace\\vendor\\laravel\\lumen-framework\\src\\Concerns\\RoutesRequests.php(169): Laravel\\Lumen\\Application->handleFoundRoute(Array)
#10 C:\\laragon\\www\\marketplace\\vendor\\laravel\\lumen-framework\\src\\Routing\\Pipeline.php(48): Laravel\\Lumen\\Application->Laravel\\Lumen\\Concerns\\{closure}(Object(Laravel\\Lumen\\Http\\Request))
#11 C:\\laragon\\www\\marketplace\\app\\Http\\Middleware\\CorsMiddleware.php(34): Laravel\\Lumen\\Routing\\Pipeline->Laravel\\Lumen\\Routing\\{closure}(Object(Laravel\\Lumen\\Http\\Request))
#12 C:\\laragon\\www\\marketplace\\vendor\\illuminate\\pipeline\\Pipeline.php(180): App\\Http\\Middleware\\CorsMiddleware->handle(Object(Laravel\\Lumen\\Http\\Request), Object(Closure))
#13 C:\\laragon\\www\\marketplace\\vendor\\laravel\\lumen-framework\\src\\Routing\\Pipeline.php(30): Illuminate\\Pipeline\\Pipeline->Illuminate\\Pipeline\\{closure}(Object(Laravel\\Lumen\\Http\\Request))
#14 C:\\laragon\\www\\marketplace\\vendor\\illuminate\\pipeline\\Pipeline.php(116): Laravel\\Lumen\\Routing\\Pipeline->Laravel\\Lumen\\Routing\\{closure}(Object(Laravel\\Lumen\\Http\\Request))
#15 C:\\laragon\\www\\marketplace\\vendor\\laravel\\lumen-framework\\src\\Concerns\\RoutesRequests.php(426): Illuminate\\Pipeline\\Pipeline->then(Object(Closure))
#16 C:\\laragon\\www\\marketplace\\vendor\\laravel\\lumen-framework\\src\\Concerns\\RoutesRequests.php(175): Laravel\\Lumen\\Application->sendThroughPipeline(Array, Object(Closure))
#17 C:\\laragon\\www\\marketplace\\vendor\\laravel\\lumen-framework\\src\\Concerns\\RoutesRequests.php(112): Laravel\\Lumen\\Application->dispatch(NULL)
#18 C:\\laragon\\www\\marketplace\\public\\index.php(28): Laravel\\Lumen\\Application->run()
#19 {main}
"} 
[2022-06-22 11:29:05] local.ERROR: syntax error, unexpected variable "$id", expecting "]" {"exception":"[object] (ParseError(code: 0): syntax error, unexpected variable \"$id\", expecting \"]\" at C:\\laragon\\www\\marketplace\\app\\Http\\Controllers\\Order\\OrderController.php:41)
[stacktrace]
#0 C:\\laragon\\www\\marketplace\\vendor\\composer\\ClassLoader.php(428): Composer\\Autoload\\includeFile('C:\\\\laragon\\\\www\\\\...')
#1 [internal function]: Composer\\Autoload\\ClassLoader->loadClass('App\\\\Http\\\\Contro...')
#2 C:\\laragon\\www\\marketplace\\vendor\\illuminate\\container\\Container.php(875): ReflectionClass->__construct('App\\\\Http\\\\Contro...')
#3 C:\\laragon\\www\\marketplace\\vendor\\illuminate\\container\\Container.php(756): Illuminate\\Container\\Container->build('App\\\\Http\\\\Contro...')
#4 C:\\laragon\\www\\marketplace\\vendor\\illuminate\\container\\Container.php(692): Illuminate\\Container\\Container->resolve('App\\\\Http\\\\Contro...', Array)
#5 C:\\laragon\\www\\marketplace\\vendor\\laravel\\lumen-framework\\src\\Application.php(300): Illuminate\\Container\\Container->make('App\\\\Http\\\\Contro...', Array)
#6 C:\\laragon\\www\\marketplace\\vendor\\laravel\\lumen-framework\\src\\Concerns\\RoutesRequests.php(324): Laravel\\Lumen\\Application->make('App\\\\Http\\\\Contro...')
#7 C:\\laragon\\www\\marketplace\\vendor\\laravel\\lumen-framework\\src\\Concerns\\RoutesRequests.php(282): Laravel\\Lumen\\Application->callControllerAction(Array)
#8 C:\\laragon\\www\\marketplace\\vendor\\laravel\\lumen-framework\\src\\Concerns\\RoutesRequests.php(267): Laravel\\Lumen\\Application->callActionOnArrayBasedRoute(Array)
#9 C:\\laragon\\www\\marketplace\\vendor\\laravel\\lumen-framework\\src\\Concerns\\RoutesRequests.php(237): Laravel\\Lumen\\Application->handleFoundRoute(Array)
#10 C:\\laragon\\www\\marketplace\\vendor\\laravel\\lumen-framework\\src\\Concerns\\RoutesRequests.php(173): Laravel\\Lumen\\Application->handleDispatcherResponse(Array)
#11 C:\\laragon\\www\\marketplace\\vendor\\laravel\\lumen-framework\\src\\Routing\\Pipeline.php(48): Laravel\\Lumen\\Application->Laravel\\Lumen\\Concerns\\{closure}(Object(Laravel\\Lumen\\Http\\Request))
#12 C:\\laragon\\www\\marketplace\\app\\Http\\Middleware\\CorsMiddleware.php(34): Laravel\\Lumen\\Routing\\Pipeline->Laravel\\Lumen\\Routing\\{closure}(Object(Laravel\\Lumen\\Http\\Request))
#13 C:\\laragon\\www\\marketplace\\vendor\\illuminate\\pipeline\\Pipeline.php(180): App\\Http\\Middleware\\CorsMiddleware->handle(Object(Laravel\\Lumen\\Http\\Request), Object(Closure))
#14 C:\\laragon\\www\\marketplace\\vendor\\laravel\\lumen-framework\\src\\Routing\\Pipeline.php(30): Illuminate\\Pipeline\\Pipeline->Illuminate\\Pipeline\\{closure}(Object(Laravel\\Lumen\\Http\\Request))
#15 C:\\laragon\\www\\marketplace\\vendor\\illuminate\\pipeline\\Pipeline.php(116): Laravel\\Lumen\\Routing\\Pipeline->Laravel\\Lumen\\Routing\\{closure}(Object(Laravel\\Lumen\\Http\\Request))
#16 C:\\laragon\\www\\marketplace\\vendor\\laravel\\lumen-framework\\src\\Concerns\\RoutesRequests.php(426): Illuminate\\Pipeline\\Pipeline->then(Object(Closure))
#17 C:\\laragon\\www\\marketplace\\vendor\\laravel\\lumen-framework\\src\\Concerns\\RoutesRequests.php(175): Laravel\\Lumen\\Application->sendThroughPipeline(Array, Object(Closure))
#18 C:\\laragon\\www\\marketplace\\vendor\\laravel\\lumen-framework\\src\\Concerns\\RoutesRequests.php(112): Laravel\\Lumen\\Application->dispatch(NULL)
#19 C:\\laragon\\www\\marketplace\\public\\index.php(28): Laravel\\Lumen\\Application->run()
#20 {main}
"} 
[2022-06-22 11:29:31] local.ERROR: SQLSTATE[42S02]: Base table or view not found: 1146 Table 'marketplace.order' doesn't exist (SQL: select count(*) as aggregate from `order` where ` name` = Dexter Morse and `id` <> 8) {"exception":"[object] (Illuminate\\Database\\QueryException(code: 42S02): SQLSTATE[42S02]: Base table or view not found: 1146 Table 'marketplace.order' doesn't exist (SQL: select count(*) as aggregate from `order` where ` name` = Dexter Morse and `id` <> 8) at C:\\laragon\\www\\marketplace\\vendor\\illuminate\\database\\Connection.php:742)
[stacktrace]
#0 C:\\laragon\\www\\marketplace\\vendor\\illuminate\\database\\Connection.php(702): Illuminate\\Database\\Connection->runQueryCallback('select count(*)...', Array, Object(Closure))
#1 C:\\laragon\\www\\marketplace\\vendor\\illuminate\\database\\Connection.php(404): Illuminate\\Database\\Connection->run('select count(*)...', Array, Object(Closure))
#2 C:\\laragon\\www\\marketplace\\vendor\\illuminate\\database\\Query\\Builder.php(2630): Illuminate\\Database\\Connection->select('select count(*)...', Array, false)
#3 C:\\laragon\\www\\marketplace\\vendor\\illuminate\\database\\Query\\Builder.php(2618): Illuminate\\Database\\Query\\Builder->runSelect()
#4 C:\\laragon\\www\\marketplace\\vendor\\illuminate\\database\\Query\\Builder.php(3154): Illuminate\\Database\\Query\\Builder->Illuminate\\Database\\Query\\{closure}()
#5 C:\\laragon\\www\\marketplace\\vendor\\illuminate\\database\\Query\\Builder.php(2619): Illuminate\\Database\\Query\\Builder->onceWithColumns(Array, Object(Closure))
#6 C:\\laragon\\www\\marketplace\\vendor\\illuminate\\database\\Query\\Builder.php(3081): Illuminate\\Database\\Query\\Builder->get(Array)
#7 C:\\laragon\\www\\marketplace\\vendor\\illuminate\\database\\Query\\Builder.php(3009): Illuminate\\Database\\Query\\Builder->aggregate('count', Array)
#8 C:\\laragon\\www\\marketplace\\vendor\\illuminate\\validation\\DatabasePresenceVerifier.php(54): Illuminate\\Database\\Query\\Builder->count()
#9 C:\\laragon\\www\\marketplace\\vendor\\illuminate\\validation\\Concerns\\ValidatesAttributes.php(855): Illuminate\\Validation\\DatabasePresenceVerifier->getCount('order', ' name', 'Dexter Morse', '8', 'id', Array)
#10 C:\\laragon\\www\\marketplace\\vendor\\illuminate\\validation\\Validator.php(609): Illuminate\\Validation\\Validator->validateUnique('name', 'Dexter Morse', Array, Object(Illuminate\\Validation\\Validator))
#11 C:\\laragon\\www\\marketplace\\vendor\\illuminate\\validation\\Validator.php(415): Illuminate\\Validation\\Validator->validateAttribute('name', 'Unique')
#12 C:\\laragon\\www\\marketplace\\vendor\\illuminate\\validation\\Validator.php(446): Illuminate\\Validation\\Validator->passes()
#13 C:\\laragon\\www\\marketplace\\vendor\\laravel\\lumen-framework\\src\\Routing\\ProvidesConvenienceMethods.php(67): Illuminate\\Validation\\Validator->fails()
#14 C:\\laragon\\www\\marketplace\\app\\Http\\Controllers\\Order\\OrderController.php(43): Laravel\\Lumen\\Routing\\Controller->validate(Object(Laravel\\Lumen\\Http\\Request), Array)
#15 C:\\laragon\\www\\marketplace\\vendor\\illuminate\\container\\BoundMethod.php(36): App\\Http\\Controllers\\Order\\OrderController->storeOrUpdate(Object(Laravel\\Lumen\\Http\\Request), '8')
#16 C:\\laragon\\www\\marketplace\\vendor\\illuminate\\container\\Util.php(41): Illuminate\\Container\\BoundMethod::Illuminate\\Container\\{closure}()
#17 C:\\laragon\\www\\marketplace\\vendor\\illuminate\\container\\BoundMethod.php(93): Illuminate\\Container\\Util::unwrapIfClosure(Object(Closure))
#18 C:\\laragon\\www\\marketplace\\vendor\\illuminate\\container\\BoundMethod.php(37): Illuminate\\Container\\BoundMethod::callBoundMethod(Object(Laravel\\Lumen\\Application), Array, Object(Closure))
#19 C:\\laragon\\www\\marketplace\\vendor\\illuminate\\container\\Container.php(651): Illuminate\\Container\\BoundMethod::call(Object(Laravel\\Lumen\\Application), Array, Array, NULL)
#20 C:\\laragon\\www\\marketplace\\vendor\\laravel\\lumen-framework\\src\\Concerns\\RoutesRequests.php(389): Illuminate\\Container\\Container->call(Array, Array)
#21 C:\\laragon\\www\\marketplace\\vendor\\laravel\\lumen-framework\\src\\Concerns\\RoutesRequests.php(355): Laravel\\Lumen\\Application->callControllerCallable(Array, Array)
#22 C:\\laragon\\www\\marketplace\\vendor\\laravel\\lumen-framework\\src\\Concerns\\RoutesRequests.php(329): Laravel\\Lumen\\Application->callLumenController(Object(App\\Http\\Controllers\\Order\\OrderController), 'storeOrUpdate', Array)
#23 C:\\laragon\\www\\marketplace\\vendor\\laravel\\lumen-framework\\src\\Concerns\\RoutesRequests.php(282): Laravel\\Lumen\\Application->callControllerAction(Array)
#24 C:\\laragon\\www\\marketplace\\vendor\\laravel\\lumen-framework\\src\\Concerns\\RoutesRequests.php(267): Laravel\\Lumen\\Application->callActionOnArrayBasedRoute(Array)
#25 C:\\laragon\\www\\marketplace\\vendor\\laravel\\lumen-framework\\src\\Concerns\\RoutesRequests.php(237): Laravel\\Lumen\\Application->handleFoundRoute(Array)
#26 C:\\laragon\\www\\marketplace\\vendor\\laravel\\lumen-framework\\src\\Concerns\\RoutesRequests.php(173): Laravel\\Lumen\\Application->handleDispatcherResponse(Array)
#27 C:\\laragon\\www\\marketplace\\vendor\\laravel\\lumen-framework\\src\\Routing\\Pipeline.php(48): Laravel\\Lumen\\Application->Laravel\\Lumen\\Concerns\\{closure}(Object(Laravel\\Lumen\\Http\\Request))
#28 C:\\laragon\\www\\marketplace\\app\\Http\\Middleware\\CorsMiddleware.php(34): Laravel\\Lumen\\Routing\\Pipeline->Laravel\\Lumen\\Routing\\{closure}(Object(Laravel\\Lumen\\Http\\Request))
#29 C:\\laragon\\www\\marketplace\\vendor\\illuminate\\pipeline\\Pipeline.php(180): App\\Http\\Middleware\\CorsMiddleware->handle(Object(Laravel\\Lumen\\Http\\Request), Object(Closure))
#30 C:\\laragon\\www\\marketplace\\vendor\\laravel\\lumen-framework\\src\\Routing\\Pipeline.php(30): Illuminate\\Pipeline\\Pipeline->Illuminate\\Pipeline\\{closure}(Object(Laravel\\Lumen\\Http\\Request))
#31 C:\\laragon\\www\\marketplace\\vendor\\illuminate\\pipeline\\Pipeline.php(116): Laravel\\Lumen\\Routing\\Pipeline->Laravel\\Lumen\\Routing\\{closure}(Object(Laravel\\Lumen\\Http\\Request))
#32 C:\\laragon\\www\\marketplace\\vendor\\laravel\\lumen-framework\\src\\Concerns\\RoutesRequests.php(426): Illuminate\\Pipeline\\Pipeline->then(Object(Closure))
#33 C:\\laragon\\www\\marketplace\\vendor\\laravel\\lumen-framework\\src\\Concerns\\RoutesRequests.php(175): Laravel\\Lumen\\Application->sendThroughPipeline(Array, Object(Closure))
#34 C:\\laragon\\www\\marketplace\\vendor\\laravel\\lumen-framework\\src\\Concerns\\RoutesRequests.php(112): Laravel\\Lumen\\Application->dispatch(NULL)
#35 C:\\laragon\\www\\marketplace\\public\\index.php(28): Laravel\\Lumen\\Application->run()
#36 {main}

[previous exception] [object] (PDOException(code: 42S02): SQLSTATE[42S02]: Base table or view not found: 1146 Table 'marketplace.order' doesn't exist at C:\\laragon\\www\\marketplace\\vendor\\illuminate\\database\\Connection.php:396)
[stacktrace]
#0 C:\\laragon\\www\\marketplace\\vendor\\illuminate\\database\\Connection.php(396): PDO->prepare('select count(*)...')
#1 C:\\laragon\\www\\marketplace\\vendor\\illuminate\\database\\Connection.php(735): Illuminate\\Database\\Connection->Illuminate\\Database\\{closure}('select count(*)...', Array)
#2 C:\\laragon\\www\\marketplace\\vendor\\illuminate\\database\\Connection.php(702): Illuminate\\Database\\Connection->runQueryCallback('select count(*)...', Array, Object(Closure))
#3 C:\\laragon\\www\\marketplace\\vendor\\illuminate\\database\\Connection.php(404): Illuminate\\Database\\Connection->run('select count(*)...', Array, Object(Closure))
#4 C:\\laragon\\www\\marketplace\\vendor\\illuminate\\database\\Query\\Builder.php(2630): Illuminate\\Database\\Connection->select('select count(*)...', Array, false)
#5 C:\\laragon\\www\\marketplace\\vendor\\illuminate\\database\\Query\\Builder.php(2618): Illuminate\\Database\\Query\\Builder->runSelect()
#6 C:\\laragon\\www\\marketplace\\vendor\\illuminate\\database\\Query\\Builder.php(3154): Illuminate\\Database\\Query\\Builder->Illuminate\\Database\\Query\\{closure}()
#7 C:\\laragon\\www\\marketplace\\vendor\\illuminate\\database\\Query\\Builder.php(2619): Illuminate\\Database\\Query\\Builder->onceWithColumns(Array, Object(Closure))
#8 C:\\laragon\\www\\marketplace\\vendor\\illuminate\\database\\Query\\Builder.php(3081): Illuminate\\Database\\Query\\Builder->get(Array)
#9 C:\\laragon\\www\\marketplace\\vendor\\illuminate\\database\\Query\\Builder.php(3009): Illuminate\\Database\\Query\\Builder->aggregate('count', Array)
#10 C:\\laragon\\www\\marketplace\\vendor\\illuminate\\validation\\DatabasePresenceVerifier.php(54): Illuminate\\Database\\Query\\Builder->count()
#11 C:\\laragon\\www\\marketplace\\vendor\\illuminate\\validation\\Concerns\\ValidatesAttributes.php(855): Illuminate\\Validation\\DatabasePresenceVerifier->getCount('order', ' name', 'Dexter Morse', '8', 'id', Array)
#12 C:\\laragon\\www\\marketplace\\vendor\\illuminate\\validation\\Validator.php(609): Illuminate\\Validation\\Validator->validateUnique('name', 'Dexter Morse', Array, Object(Illuminate\\Validation\\Validator))
#13 C:\\laragon\\www\\marketplace\\vendor\\illuminate\\validation\\Validator.php(415): Illuminate\\Validation\\Validator->validateAttribute('name', 'Unique')
#14 C:\\laragon\\www\\marketplace\\vendor\\illuminate\\validation\\Validator.php(446): Illuminate\\Validation\\Validator->passes()
#15 C:\\laragon\\www\\marketplace\\vendor\\laravel\\lumen-framework\\src\\Routing\\ProvidesConvenienceMethods.php(67): Illuminate\\Validation\\Validator->fails()
#16 C:\\laragon\\www\\marketplace\\app\\Http\\Controllers\\Order\\OrderController.php(43): Laravel\\Lumen\\Routing\\Controller->validate(Object(Laravel\\Lumen\\Http\\Request), Array)
#17 C:\\laragon\\www\\marketplace\\vendor\\illuminate\\container\\BoundMethod.php(36): App\\Http\\Controllers\\Order\\OrderController->storeOrUpdate(Object(Laravel\\Lumen\\Http\\Request), '8')
#18 C:\\laragon\\www\\marketplace\\vendor\\illuminate\\container\\Util.php(41): Illuminate\\Container\\BoundMethod::Illuminate\\Container\\{closure}()
#19 C:\\laragon\\www\\marketplace\\vendor\\illuminate\\container\\BoundMethod.php(93): Illuminate\\Container\\Util::unwrapIfClosure(Object(Closure))
#20 C:\\laragon\\www\\marketplace\\vendor\\illuminate\\container\\BoundMethod.php(37): Illuminate\\Container\\BoundMethod::callBoundMethod(Object(Laravel\\Lumen\\Application), Array, Object(Closure))
#21 C:\\laragon\\www\\marketplace\\vendor\\illuminate\\container\\Container.php(651): Illuminate\\Container\\BoundMethod::call(Object(Laravel\\Lumen\\Application), Array, Array, NULL)
#22 C:\\laragon\\www\\marketplace\\vendor\\laravel\\lumen-framework\\src\\Concerns\\RoutesRequests.php(389): Illuminate\\Container\\Container->call(Array, Array)
#23 C:\\laragon\\www\\marketplace\\vendor\\laravel\\lumen-framework\\src\\Concerns\\RoutesRequests.php(355): Laravel\\Lumen\\Application->callControllerCallable(Array, Array)
#24 C:\\laragon\\www\\marketplace\\vendor\\laravel\\lumen-framework\\src\\Concerns\\RoutesRequests.php(329): Laravel\\Lumen\\Application->callLumenController(Object(App\\Http\\Controllers\\Order\\OrderController), 'storeOrUpdate', Array)
#25 C:\\laragon\\www\\marketplace\\vendor\\laravel\\lumen-framework\\src\\Concerns\\RoutesRequests.php(282): Laravel\\Lumen\\Application->callControllerAction(Array)
#26 C:\\laragon\\www\\marketplace\\vendor\\laravel\\lumen-framework\\src\\Concerns\\RoutesRequests.php(267): Laravel\\Lumen\\Application->callActionOnArrayBasedRoute(Array)
#27 C:\\laragon\\www\\marketplace\\vendor\\laravel\\lumen-framework\\src\\Concerns\\RoutesRequests.php(237): Laravel\\Lumen\\Application->handleFoundRoute(Array)
#28 C:\\laragon\\www\\marketplace\\vendor\\laravel\\lumen-framework\\src\\Concerns\\RoutesRequests.php(173): Laravel\\Lumen\\Application->handleDispatcherResponse(Array)
#29 C:\\laragon\\www\\marketplace\\vendor\\laravel\\lumen-framework\\src\\Routing\\Pipeline.php(48): Laravel\\Lumen\\Application->Laravel\\Lumen\\Concerns\\{closure}(Object(Laravel\\Lumen\\Http\\Request))
#30 C:\\laragon\\www\\marketplace\\app\\Http\\Middleware\\CorsMiddleware.php(34): Laravel\\Lumen\\Routing\\Pipeline->Laravel\\Lumen\\Routing\\{closure}(Object(Laravel\\Lumen\\Http\\Request))
#31 C:\\laragon\\www\\marketplace\\vendor\\illuminate\\pipeline\\Pipeline.php(180): App\\Http\\Middleware\\CorsMiddleware->handle(Object(Laravel\\Lumen\\Http\\Request), Object(Closure))
#32 C:\\laragon\\www\\marketplace\\vendor\\laravel\\lumen-framework\\src\\Routing\\Pipeline.php(30): Illuminate\\Pipeline\\Pipeline->Illuminate\\Pipeline\\{closure}(Object(Laravel\\Lumen\\Http\\Request))
#33 C:\\laragon\\www\\marketplace\\vendor\\illuminate\\pipeline\\Pipeline.php(116): Laravel\\Lumen\\Routing\\Pipeline->Laravel\\Lumen\\Routing\\{closure}(Object(Laravel\\Lumen\\Http\\Request))
#34 C:\\laragon\\www\\marketplace\\vendor\\laravel\\lumen-framework\\src\\Concerns\\RoutesRequests.php(426): Illuminate\\Pipeline\\Pipeline->then(Object(Closure))
#35 C:\\laragon\\www\\marketplace\\vendor\\laravel\\lumen-framework\\src\\Concerns\\RoutesRequests.php(175): Laravel\\Lumen\\Application->sendThroughPipeline(Array, Object(Closure))
#36 C:\\laragon\\www\\marketplace\\vendor\\laravel\\lumen-framework\\src\\Concerns\\RoutesRequests.php(112): Laravel\\Lumen\\Application->dispatch(NULL)
#37 C:\\laragon\\www\\marketplace\\public\\index.php(28): Laravel\\Lumen\\Application->run()
#38 {main}
"} 
[2022-06-22 11:29:58] local.ERROR: SQLSTATE[42S22]: Column not found: 1054 Unknown column ' name' in 'where clause' (SQL: select count(*) as aggregate from `orders` where ` name` = Dexter Morse and `id` <> 8) {"exception":"[object] (Illuminate\\Database\\QueryException(code: 42S22): SQLSTATE[42S22]: Column not found: 1054 Unknown column ' name' in 'where clause' (SQL: select count(*) as aggregate from `orders` where ` name` = Dexter Morse and `id` <> 8) at C:\\laragon\\www\\marketplace\\vendor\\illuminate\\database\\Connection.php:742)
[stacktrace]
#0 C:\\laragon\\www\\marketplace\\vendor\\illuminate\\database\\Connection.php(702): Illuminate\\Database\\Connection->runQueryCallback('select count(*)...', Array, Object(Closure))
#1 C:\\laragon\\www\\marketplace\\vendor\\illuminate\\database\\Connection.php(404): Illuminate\\Database\\Connection->run('select count(*)...', Array, Object(Closure))
#2 C:\\laragon\\www\\marketplace\\vendor\\illuminate\\database\\Query\\Builder.php(2630): Illuminate\\Database\\Connection->select('select count(*)...', Array, false)
#3 C:\\laragon\\www\\marketplace\\vendor\\illuminate\\database\\Query\\Builder.php(2618): Illuminate\\Database\\Query\\Builder->runSelect()
#4 C:\\laragon\\www\\marketplace\\vendor\\illuminate\\database\\Query\\Builder.php(3154): Illuminate\\Database\\Query\\Builder->Illuminate\\Database\\Query\\{closure}()
#5 C:\\laragon\\www\\marketplace\\vendor\\illuminate\\database\\Query\\Builder.php(2619): Illuminate\\Database\\Query\\Builder->onceWithColumns(Array, Object(Closure))
#6 C:\\laragon\\www\\marketplace\\vendor\\illuminate\\database\\Query\\Builder.php(3081): Illuminate\\Database\\Query\\Builder->get(Array)
#7 C:\\laragon\\www\\marketplace\\vendor\\illuminate\\database\\Query\\Builder.php(3009): Illuminate\\Database\\Query\\Builder->aggregate('count', Array)
#8 C:\\laragon\\www\\marketplace\\vendor\\illuminate\\validation\\DatabasePresenceVerifier.php(54): Illuminate\\Database\\Query\\Builder->count()
#9 C:\\laragon\\www\\marketplace\\vendor\\illuminate\\validation\\Concerns\\ValidatesAttributes.php(855): Illuminate\\Validation\\DatabasePresenceVerifier->getCount('orders', ' name', 'Dexter Morse', '8', 'id', Array)
#10 C:\\laragon\\www\\marketplace\\vendor\\illuminate\\validation\\Validator.php(609): Illuminate\\Validation\\Validator->validateUnique('name', 'Dexter Morse', Array, Object(Illuminate\\Validation\\Validator))
#11 C:\\laragon\\www\\marketplace\\vendor\\illuminate\\validation\\Validator.php(415): Illuminate\\Validation\\Validator->validateAttribute('name', 'Unique')
#12 C:\\laragon\\www\\marketplace\\vendor\\illuminate\\validation\\Validator.php(446): Illuminate\\Validation\\Validator->passes()
#13 C:\\laragon\\www\\marketplace\\vendor\\laravel\\lumen-framework\\src\\Routing\\ProvidesConvenienceMethods.php(67): Illuminate\\Validation\\Validator->fails()
#14 C:\\laragon\\www\\marketplace\\app\\Http\\Controllers\\Order\\OrderController.php(43): Laravel\\Lumen\\Routing\\Controller->validate(Object(Laravel\\Lumen\\Http\\Request), Array)
#15 C:\\laragon\\www\\marketplace\\vendor\\illuminate\\container\\BoundMethod.php(36): App\\Http\\Controllers\\Order\\OrderController->storeOrUpdate(Object(Laravel\\Lumen\\Http\\Request), '8')
#16 C:\\laragon\\www\\marketplace\\vendor\\illuminate\\container\\Util.php(41): Illuminate\\Container\\BoundMethod::Illuminate\\Container\\{closure}()
#17 C:\\laragon\\www\\marketplace\\vendor\\illuminate\\container\\BoundMethod.php(93): Illuminate\\Container\\Util::unwrapIfClosure(Object(Closure))
#18 C:\\laragon\\www\\marketplace\\vendor\\illuminate\\container\\BoundMethod.php(37): Illuminate\\Container\\BoundMethod::callBoundMethod(Object(Laravel\\Lumen\\Application), Array, Object(Closure))
#19 C:\\laragon\\www\\marketplace\\vendor\\illuminate\\container\\Container.php(651): Illuminate\\Container\\BoundMethod::call(Object(Laravel\\Lumen\\Application), Array, Array, NULL)
#20 C:\\laragon\\www\\marketplace\\vendor\\laravel\\lumen-framework\\src\\Concerns\\RoutesRequests.php(389): Illuminate\\Container\\Container->call(Array, Array)
#21 C:\\laragon\\www\\marketplace\\vendor\\laravel\\lumen-framework\\src\\Concerns\\RoutesRequests.php(355): Laravel\\Lumen\\Application->callControllerCallable(Array, Array)
#22 C:\\laragon\\www\\marketplace\\vendor\\laravel\\lumen-framework\\src\\Concerns\\RoutesRequests.php(329): Laravel\\Lumen\\Application->callLumenController(Object(App\\Http\\Controllers\\Order\\OrderController), 'storeOrUpdate', Array)
#23 C:\\laragon\\www\\marketplace\\vendor\\laravel\\lumen-framework\\src\\Concerns\\RoutesRequests.php(282): Laravel\\Lumen\\Application->callControllerAction(Array)
#24 C:\\laragon\\www\\marketplace\\vendor\\laravel\\lumen-framework\\src\\Concerns\\RoutesRequests.php(267): Laravel\\Lumen\\Application->callActionOnArrayBasedRoute(Array)
#25 C:\\laragon\\www\\marketplace\\vendor\\laravel\\lumen-framework\\src\\Concerns\\RoutesRequests.php(237): Laravel\\Lumen\\Application->handleFoundRoute(Array)
#26 C:\\laragon\\www\\marketplace\\vendor\\laravel\\lumen-framework\\src\\Concerns\\RoutesRequests.php(173): Laravel\\Lumen\\Application->handleDispatcherResponse(Array)
#27 C:\\laragon\\www\\marketplace\\vendor\\laravel\\lumen-framework\\src\\Routing\\Pipeline.php(48): Laravel\\Lumen\\Application->Laravel\\Lumen\\Concerns\\{closure}(Object(Laravel\\Lumen\\Http\\Request))
#28 C:\\laragon\\www\\marketplace\\app\\Http\\Middleware\\CorsMiddleware.php(34): Laravel\\Lumen\\Routing\\Pipeline->Laravel\\Lumen\\Routing\\{closure}(Object(Laravel\\Lumen\\Http\\Request))
#29 C:\\laragon\\www\\marketplace\\vendor\\illuminate\\pipeline\\Pipeline.php(180): App\\Http\\Middleware\\CorsMiddleware->handle(Object(Laravel\\Lumen\\Http\\Request), Object(Closure))
#30 C:\\laragon\\www\\marketplace\\vendor\\laravel\\lumen-framework\\src\\Routing\\Pipeline.php(30): Illuminate\\Pipeline\\Pipeline->Illuminate\\Pipeline\\{closure}(Object(Laravel\\Lumen\\Http\\Request))
#31 C:\\laragon\\www\\marketplace\\vendor\\illuminate\\pipeline\\Pipeline.php(116): Laravel\\Lumen\\Routing\\Pipeline->Laravel\\Lumen\\Routing\\{closure}(Object(Laravel\\Lumen\\Http\\Request))
#32 C:\\laragon\\www\\marketplace\\vendor\\laravel\\lumen-framework\\src\\Concerns\\RoutesRequests.php(426): Illuminate\\Pipeline\\Pipeline->then(Object(Closure))
#33 C:\\laragon\\www\\marketplace\\vendor\\laravel\\lumen-framework\\src\\Concerns\\RoutesRequests.php(175): Laravel\\Lumen\\Application->sendThroughPipeline(Array, Object(Closure))
#34 C:\\laragon\\www\\marketplace\\vendor\\laravel\\lumen-framework\\src\\Concerns\\RoutesRequests.php(112): Laravel\\Lumen\\Application->dispatch(NULL)
#35 C:\\laragon\\www\\marketplace\\public\\index.php(28): Laravel\\Lumen\\Application->run()
#36 {main}

[previous exception] [object] (PDOException(code: 42S22): SQLSTATE[42S22]: Column not found: 1054 Unknown column ' name' in 'where clause' at C:\\laragon\\www\\marketplace\\vendor\\illuminate\\database\\Connection.php:396)
[stacktrace]
#0 C:\\laragon\\www\\marketplace\\vendor\\illuminate\\database\\Connection.php(396): PDO->prepare('select count(*)...')
#1 C:\\laragon\\www\\marketplace\\vendor\\illuminate\\database\\Connection.php(735): Illuminate\\Database\\Connection->Illuminate\\Database\\{closure}('select count(*)...', Array)
#2 C:\\laragon\\www\\marketplace\\vendor\\illuminate\\database\\Connection.php(702): Illuminate\\Database\\Connection->runQueryCallback('select count(*)...', Array, Object(Closure))
#3 C:\\laragon\\www\\marketplace\\vendor\\illuminate\\database\\Connection.php(404): Illuminate\\Database\\Connection->run('select count(*)...', Array, Object(Closure))
#4 C:\\laragon\\www\\marketplace\\vendor\\illuminate\\database\\Query\\Builder.php(2630): Illuminate\\Database\\Connection->select('select count(*)...', Array, false)
#5 C:\\laragon\\www\\marketplace\\vendor\\illuminate\\database\\Query\\Builder.php(2618): Illuminate\\Database\\Query\\Builder->runSelect()
#6 C:\\laragon\\www\\marketplace\\vendor\\illuminate\\database\\Query\\Builder.php(3154): Illuminate\\Database\\Query\\Builder->Illuminate\\Database\\Query\\{closure}()
#7 C:\\laragon\\www\\marketplace\\vendor\\illuminate\\database\\Query\\Builder.php(2619): Illuminate\\Database\\Query\\Builder->onceWithColumns(Array, Object(Closure))
#8 C:\\laragon\\www\\marketplace\\vendor\\illuminate\\database\\Query\\Builder.php(3081): Illuminate\\Database\\Query\\Builder->get(Array)
#9 C:\\laragon\\www\\marketplace\\vendor\\illuminate\\database\\Query\\Builder.php(3009): Illuminate\\Database\\Query\\Builder->aggregate('count', Array)
#10 C:\\laragon\\www\\marketplace\\vendor\\illuminate\\validation\\DatabasePresenceVerifier.php(54): Illuminate\\Database\\Query\\Builder->count()
#11 C:\\laragon\\www\\marketplace\\vendor\\illuminate\\validation\\Concerns\\ValidatesAttributes.php(855): Illuminate\\Validation\\DatabasePresenceVerifier->getCount('orders', ' name', 'Dexter Morse', '8', 'id', Array)
#12 C:\\laragon\\www\\marketplace\\vendor\\illuminate\\validation\\Validator.php(609): Illuminate\\Validation\\Validator->validateUnique('name', 'Dexter Morse', Array, Object(Illuminate\\Validation\\Validator))
#13 C:\\laragon\\www\\marketplace\\vendor\\illuminate\\validation\\Validator.php(415): Illuminate\\Validation\\Validator->validateAttribute('name', 'Unique')
#14 C:\\laragon\\www\\marketplace\\vendor\\illuminate\\validation\\Validator.php(446): Illuminate\\Validation\\Validator->passes()
#15 C:\\laragon\\www\\marketplace\\vendor\\laravel\\lumen-framework\\src\\Routing\\ProvidesConvenienceMethods.php(67): Illuminate\\Validation\\Validator->fails()
#16 C:\\laragon\\www\\marketplace\\app\\Http\\Controllers\\Order\\OrderController.php(43): Laravel\\Lumen\\Routing\\Controller->validate(Object(Laravel\\Lumen\\Http\\Request), Array)
#17 C:\\laragon\\www\\marketplace\\vendor\\illuminate\\container\\BoundMethod.php(36): App\\Http\\Controllers\\Order\\OrderController->storeOrUpdate(Object(Laravel\\Lumen\\Http\\Request), '8')
#18 C:\\laragon\\www\\marketplace\\vendor\\illuminate\\container\\Util.php(41): Illuminate\\Container\\BoundMethod::Illuminate\\Container\\{closure}()
#19 C:\\laragon\\www\\marketplace\\vendor\\illuminate\\container\\BoundMethod.php(93): Illuminate\\Container\\Util::unwrapIfClosure(Object(Closure))
#20 C:\\laragon\\www\\marketplace\\vendor\\illuminate\\container\\BoundMethod.php(37): Illuminate\\Container\\BoundMethod::callBoundMethod(Object(Laravel\\Lumen\\Application), Array, Object(Closure))
#21 C:\\laragon\\www\\marketplace\\vendor\\illuminate\\container\\Container.php(651): Illuminate\\Container\\BoundMethod::call(Object(Laravel\\Lumen\\Application), Array, Array, NULL)
#22 C:\\laragon\\www\\marketplace\\vendor\\laravel\\lumen-framework\\src\\Concerns\\RoutesRequests.php(389): Illuminate\\Container\\Container->call(Array, Array)
#23 C:\\laragon\\www\\marketplace\\vendor\\laravel\\lumen-framework\\src\\Concerns\\RoutesRequests.php(355): Laravel\\Lumen\\Application->callControllerCallable(Array, Array)
#24 C:\\laragon\\www\\marketplace\\vendor\\laravel\\lumen-framework\\src\\Concerns\\RoutesRequests.php(329): Laravel\\Lumen\\Application->callLumenController(Object(App\\Http\\Controllers\\Order\\OrderController), 'storeOrUpdate', Array)
#25 C:\\laragon\\www\\marketplace\\vendor\\laravel\\lumen-framework\\src\\Concerns\\RoutesRequests.php(282): Laravel\\Lumen\\Application->callControllerAction(Array)
#26 C:\\laragon\\www\\marketplace\\vendor\\laravel\\lumen-framework\\src\\Concerns\\RoutesRequests.php(267): Laravel\\Lumen\\Application->callActionOnArrayBasedRoute(Array)
#27 C:\\laragon\\www\\marketplace\\vendor\\laravel\\lumen-framework\\src\\Concerns\\RoutesRequests.php(237): Laravel\\Lumen\\Application->handleFoundRoute(Array)
#28 C:\\laragon\\www\\marketplace\\vendor\\laravel\\lumen-framework\\src\\Concerns\\RoutesRequests.php(173): Laravel\\Lumen\\Application->handleDispatcherResponse(Array)
#29 C:\\laragon\\www\\marketplace\\vendor\\laravel\\lumen-framework\\src\\Routing\\Pipeline.php(48): Laravel\\Lumen\\Application->Laravel\\Lumen\\Concerns\\{closure}(Object(Laravel\\Lumen\\Http\\Request))
#30 C:\\laragon\\www\\marketplace\\app\\Http\\Middleware\\CorsMiddleware.php(34): Laravel\\Lumen\\Routing\\Pipeline->Laravel\\Lumen\\Routing\\{closure}(Object(Laravel\\Lumen\\Http\\Request))
#31 C:\\laragon\\www\\marketplace\\vendor\\illuminate\\pipeline\\Pipeline.php(180): App\\Http\\Middleware\\CorsMiddleware->handle(Object(Laravel\\Lumen\\Http\\Request), Object(Closure))
#32 C:\\laragon\\www\\marketplace\\vendor\\laravel\\lumen-framework\\src\\Routing\\Pipeline.php(30): Illuminate\\Pipeline\\Pipeline->Illuminate\\Pipeline\\{closure}(Object(Laravel\\Lumen\\Http\\Request))
#33 C:\\laragon\\www\\marketplace\\vendor\\illuminate\\pipeline\\Pipeline.php(116): Laravel\\Lumen\\Routing\\Pipeline->Laravel\\Lumen\\Routing\\{closure}(Object(Laravel\\Lumen\\Http\\Request))
#34 C:\\laragon\\www\\marketplace\\vendor\\laravel\\lumen-framework\\src\\Concerns\\RoutesRequests.php(426): Illuminate\\Pipeline\\Pipeline->then(Object(Closure))
#35 C:\\laragon\\www\\marketplace\\vendor\\laravel\\lumen-framework\\src\\Concerns\\RoutesRequests.php(175): Laravel\\Lumen\\Application->sendThroughPipeline(Array, Object(Closure))
#36 C:\\laragon\\www\\marketplace\\vendor\\laravel\\lumen-framework\\src\\Concerns\\RoutesRequests.php(112): Laravel\\Lumen\\Application->dispatch(NULL)
#37 C:\\laragon\\www\\marketplace\\public\\index.php(28): Laravel\\Lumen\\Application->run()
#38 {main}
"} 
